#0 building with "desktop-linux" instance using docker driver

#1 [internal] load build definition from Dockerfile
#1 transferring dockerfile: 329B 0.0s done
#1 DONE 0.0s

#2 [internal] load metadata for docker.io/apache/spark-py:latest
#2 DONE 2.1s

#3 [internal] load .dockerignore
#3 transferring context: 126B done
#3 DONE 0.0s

#4 [1/6] FROM docker.io/apache/spark-py:latest@sha256:bec1fed7818dd775c8a88224d5b2550c9a85ff81860f76b44e5357abdd849bb5
#4 resolve docker.io/apache/spark-py:latest@sha256:bec1fed7818dd775c8a88224d5b2550c9a85ff81860f76b44e5357abdd849bb5 0.0s done
#4 DONE 0.0s

#5 [2/6] WORKDIR /app
#5 CACHED

#6 [internal] load build context
#6 transferring context: 140B done
#6 DONE 0.0s

#7 [3/6] COPY app/ /app/app/
#7 DONE 0.0s

#8 [4/6] COPY DataCoSupplyChainDataset.csv /app/data/DataCoSupplyChainDataset.csv
#8 DONE 0.2s

#9 [5/6] COPY fuel.csv /app/data/fuel.csv
#9 DONE 0.0s

#10 [6/6] RUN mkdir -p /app/output && chmod -R 777 /app
#10 DONE 0.4s

#11 exporting to image
#11 exporting layers
#11 exporting layers 2.8s done
#11 exporting manifest sha256:777cec4ddbefb858e3c8992e053957cd7084185ce6473762511a4beda8955333 0.0s done
#11 exporting config sha256:035dcb42bd97ae960888c26b1a299addacd8adca1c8a5be7ea11b15146f777d1 0.0s done
#11 exporting attestation manifest sha256:a0d60208b3a2b06e6dab17176bc0af4298ae2f62d3513fcc52ff7566c5e11d2d 0.0s done
#11 exporting manifest list sha256:ba8df0c2ffad275d1dda2f1032d88044ded63a71f40d7c5a4db77fd7a1874b1b 0.0s done
#11 naming to docker.io/library/smart-logistics-spark:latest
#11 naming to docker.io/library/smart-logistics-spark:latest done
#11 unpacking to docker.io/library/smart-logistics-spark:latest
#11 unpacking to docker.io/library/smart-logistics-spark:latest 1.0s done
#11 DONE 4.0s
