#0 building with "desktop-linux" instance using docker driver

#1 [internal] load build definition from Dockerfile
#1 transferring dockerfile: 329B 0.0s done
#1 DONE 0.0s

#2 [internal] load metadata for docker.io/apache/spark-py:latest
#2 DONE 0.4s

#3 [internal] load .dockerignore
#3 transferring context: 126B done
#3 DONE 0.0s

#4 [1/6] FROM docker.io/apache/spark-py:latest@sha256:bec1fed7818dd775c8a88224d5b2550c9a85ff81860f76b44e5357abdd849bb5
#4 resolve docker.io/apache/spark-py:latest@sha256:bec1fed7818dd775c8a88224d5b2550c9a85ff81860f76b44e5357abdd849bb5 0.0s done
#4 DONE 0.0s

#5 [internal] load build context
#5 transferring context: 140B done
#5 DONE 0.0s

#6 [3/6] COPY app/ /app/app/
#6 CACHED

#7 [4/6] COPY DataCoSupplyChainDataset.csv /app/data/DataCoSupplyChainDataset.csv
#7 CACHED

#8 [2/6] WORKDIR /app
#8 CACHED

#9 [5/6] COPY fuel.csv /app/data/fuel.csv
#9 CACHED

#10 [6/6] RUN mkdir -p /app/output && chmod -R 777 /app
#10 CACHED

#11 exporting to image
#11 exporting layers 0.0s done
#11 exporting manifest sha256:795af9d76df891830c35466f9954b90573741c63c09f71849f6fbdc7fb4349b7 done
#11 exporting config sha256:3d93cbe31360d3bcdd7f3f9ebe24ff403f80450efcf3022221a388dc0099f6c0 done
#11 exporting attestation manifest sha256:2c4ed33a0692aed80cb9ae92a9d0cfda52f1920ce66d881bf4e7e1ded257801c 0.0s done
#11 exporting manifest list sha256:585e9369da9c6d168b3dc8ae50a0605efd63ab5703d50f67f07092c7a9f629f1 0.0s done
#11 naming to docker.io/library/smart-logistics-spark:latest done
#11 unpacking to docker.io/library/smart-logistics-spark:latest 0.0s done
#11 DONE 0.2s
